<?xml version="1.0" encoding="UTF-8"?>
<testsuite name="tests.AddNewCar" tests="1" skipped="0" failures="0" errors="0" timestamp="2022-07-16T14:16:17" hostname="LAPTOP-IBOJBCN6" time="10.759">
  <properties/>
  <testcase name="addNewCarSuccess" classname="tests.AddNewCar" time="10.759"/>
  <system-out><![CDATA[]]></system-out>
  <system-err><![CDATA[]]></system-err>
</testsuite>
